Detecting C compiler ABI info failed to compile with the following output:
Change Dir: /Users/radvani/Source/ViroFreetype/ios/build-simulator/CMakeFiles/CMakeTmp

Run Build Command:"/usr/bin/xcodebuild" "-project" "CMAKE_TRY_COMPILE.xcodeproj" "build" "-target" "cmTC_ec044" "-configuration" "Debug"
=== BUILD TARGET cmTC_ec044 OF PROJECT CMAKE_TRY_COMPILE WITH CONFIGURATION Debug ===

Check dependencies
target specifies product type 'com.apple.product-type.tool', but there's no such product type for the 'iphonesimulator' platform
warning: iOS Simulator 11.2.0 does not support i386

** BUILD FAILED **


The following build commands failed:
	Check dependencies
(1 failure)



Detecting C [-std=c11] compiler features failed to compile with the following output:
Change Dir: /Users/radvani/Source/ViroFreetype/ios/build-simulator/CMakeFiles/CMakeTmp

Run Build Command:"/usr/bin/xcodebuild" "-project" "CMAKE_TRY_COMPILE.xcodeproj" "build" "-target" "cmTC_0f67a" "-configuration" "Debug"
=== BUILD TARGET cmTC_0f67a OF PROJECT CMAKE_TRY_COMPILE WITH CONFIGURATION Debug ===

Check dependencies
target specifies product type 'com.apple.product-type.tool', but there's no such product type for the 'iphonesimulator' platform
warning: iOS Simulator 11.2.0 does not support i386

** BUILD FAILED **


The following build commands failed:
	Check dependencies
(1 failure)



Detecting CXX compiler ABI info failed to compile with the following output:
Change Dir: /Users/radvani/Source/ViroFreetype/ios/build-simulator/CMakeFiles/CMakeTmp

Run Build Command:"/usr/bin/xcodebuild" "-project" "CMAKE_TRY_COMPILE.xcodeproj" "build" "-target" "cmTC_d867b" "-configuration" "Debug"
=== BUILD TARGET cmTC_d867b OF PROJECT CMAKE_TRY_COMPILE WITH CONFIGURATION Debug ===

Check dependencies
target specifies product type 'com.apple.product-type.tool', but there's no such product type for the 'iphonesimulator' platform
warning: iOS Simulator 11.2.0 does not support i386

** BUILD FAILED **


The following build commands failed:
	Check dependencies
(1 failure)



Detecting CXX [-std=c++1z] compiler features failed to compile with the following output:
Change Dir: /Users/radvani/Source/ViroFreetype/ios/build-simulator/CMakeFiles/CMakeTmp

Run Build Command:"/usr/bin/xcodebuild" "-project" "CMAKE_TRY_COMPILE.xcodeproj" "build" "-target" "cmTC_e6902" "-configuration" "Debug"
=== BUILD TARGET cmTC_e6902 OF PROJECT CMAKE_TRY_COMPILE WITH CONFIGURATION Debug ===

Check dependencies
target specifies product type 'com.apple.product-type.tool', but there's no such product type for the 'iphonesimulator' platform
warning: iOS Simulator 11.2.0 does not support i386

** BUILD FAILED **


The following build commands failed:
	Check dependencies
(1 failure)



Determining if the BZ2_bzCompressInit exist failed with the following output:
Change Dir: /Users/radvani/Source/ViroFreetype/ios/build-simulator/CMakeFiles/CMakeTmp

Run Build Command:"/usr/bin/xcodebuild" "-project" "CMAKE_TRY_COMPILE.xcodeproj" "build" "-target" "cmTC_3a45c" "-configuration" "Debug"
=== BUILD TARGET cmTC_3a45c OF PROJECT CMAKE_TRY_COMPILE WITH CONFIGURATION Debug ===

Check dependencies
target specifies product type 'com.apple.product-type.tool', but there's no such product type for the 'iphonesimulator' platform
warning: iOS Simulator 11.2.0 does not support i386

** BUILD FAILED **


The following build commands failed:
	Check dependencies
(1 failure)

File /Users/radvani/Source/ViroFreetype/ios/build-simulator/CMakeFiles/CMakeTmp/CheckSymbolExists.c:
/* */
#include <bzlib.h>

int main(int argc, char** argv)
{
  (void)argv;
#ifndef BZ2_bzCompressInit
  return ((int*)(&BZ2_bzCompressInit))[argc];
#else
  (void)argc;
  return 0;
#endif
}

Determining if the include file unistd.h exists failed with the following output:
Change Dir: /Users/radvani/Source/ViroFreetype/ios/build-simulator/CMakeFiles/CMakeTmp

Run Build Command:"/usr/bin/xcodebuild" "-project" "CMAKE_TRY_COMPILE.xcodeproj" "build" "-target" "cmTC_1a9cf" "-configuration" "Debug"
=== BUILD TARGET cmTC_1a9cf OF PROJECT CMAKE_TRY_COMPILE WITH CONFIGURATION Debug ===

Check dependencies
target specifies product type 'com.apple.product-type.tool', but there's no such product type for the 'iphonesimulator' platform
warning: iOS Simulator 11.2.0 does not support i386

** BUILD FAILED **


The following build commands failed:
	Check dependencies
(1 failure)


Determining if the include file fcntl.h exists failed with the following output:
Change Dir: /Users/radvani/Source/ViroFreetype/ios/build-simulator/CMakeFiles/CMakeTmp

Run Build Command:"/usr/bin/xcodebuild" "-project" "CMAKE_TRY_COMPILE.xcodeproj" "build" "-target" "cmTC_d3750" "-configuration" "Debug"
=== BUILD TARGET cmTC_d3750 OF PROJECT CMAKE_TRY_COMPILE WITH CONFIGURATION Debug ===

Check dependencies
target specifies product type 'com.apple.product-type.tool', but there's no such product type for the 'iphonesimulator' platform
warning: iOS Simulator 11.2.0 does not support i386

** BUILD FAILED **


The following build commands failed:
	Check dependencies
(1 failure)


Determining if the include file stdint.h exists failed with the following output:
Change Dir: /Users/radvani/Source/ViroFreetype/ios/build-simulator/CMakeFiles/CMakeTmp

Run Build Command:"/usr/bin/xcodebuild" "-project" "CMAKE_TRY_COMPILE.xcodeproj" "build" "-target" "cmTC_9b475" "-configuration" "Debug"
=== BUILD TARGET cmTC_9b475 OF PROJECT CMAKE_TRY_COMPILE WITH CONFIGURATION Debug ===

Check dependencies
target specifies product type 'com.apple.product-type.tool', but there's no such product type for the 'iphonesimulator' platform
warning: iOS Simulator 11.2.0 does not support i386

** BUILD FAILED **


The following build commands failed:
	Check dependencies
(1 failure)


